# JRE version: Java(TM) SE Runtime Environment (8.0_121-b13) (build 1.8.0_121-b13)
# Java VM: Java HotSpot(TM) 64-Bit Server VM (25.121-b13 mixed mode bsd-amd64 compressed oops)
Heap:
 PSYoungGen      total 377344K, used 127612K [0x000000076ab00000, 0x0000000784500000, 0x00000007c0000000)
  eden space 343040K, 37% used [0x000000076ab00000,0x000000077279f2c0,0x000000077fa00000)
  from space 34304K, 0% used [0x0000000782380000,0x0000000782380000,0x0000000784500000)
  to   space 38400K, 0% used [0x000000077fa00000,0x000000077fa00000,0x0000000781f80000)
 ParOldGen       total 443392K, used 72334K [0x00000006c0000000, 0x00000006db100000, 0x000000076ab00000)
  object space 443392K, 16% used [0x00000006c0000000,0x00000006c46a3a60,0x00000006db100000)
 Metaspace       used 93038K, capacity 99528K, committed 99788K, reserved 1136640K
  class space    used 10943K, capacity 12243K, committed 12288K, reserved 1048576K
GC Heap History (10 events):
Event: 33.099 GC heap before
{Heap before GC invocations=22 (full 3):
 PSYoungGen      total 320512K, used 308515K [0x000000076ab00000, 0x0000000780580000, 0x00000007c0000000)
  eden space 292352K, 100% used [0x000000076ab00000,0x000000077c880000,0x000000077c880000)
  from space 28160K, 57% used [0x000000077ea00000,0x000000077f9c8d38,0x0000000780580000)
  to   space 31232K, 0% used [0x000000077c880000,0x000000077c880000,0x000000077e700000)
 ParOldGen       total 305152K, used 49104K [0x00000006c0000000, 0x00000006d2a00000, 0x000000076ab00000)
  object space 305152K, 16% used [0x00000006c0000000,0x00000006c2ff40c0,0x00000006d2a00000)
 Metaspace       used 81422K, capacity 86150K, committed 86360K, reserved 1124352K
  class space    used 9505K, capacity 10503K, committed 10624K, reserved 1048576K
Event: 33.124 GC heap after
Heap after GC invocations=22 (full 3):
 PSYoungGen      total 323584K, used 20352K [0x000000076ab00000, 0x0000000782300000, 0x00000007c0000000)
  eden space 292352K, 0% used [0x000000076ab00000,0x000000076ab00000,0x000000077c880000)
  from space 31232K, 65% used [0x000000077c880000,0x000000077dc603d0,0x000000077e700000)
  to   space 31744K, 0% used [0x0000000780400000,0x0000000780400000,0x0000000782300000)
 ParOldGen       total 305152K, used 49120K [0x00000006c0000000, 0x00000006d2a00000, 0x000000076ab00000)
  object space 305152K, 16% used [0x00000006c0000000,0x00000006c2ff80c0,0x00000006d2a00000)
 Metaspace       used 81422K, capacity 86150K, committed 86360K, reserved 1124352K
  class space    used 9505K, capacity 10503K, committed 10624K, reserved 1048576K
}
Event: 34.444 GC heap before
{Heap before GC invocations=23 (full 3):
 PSYoungGen      total 323584K, used 312704K [0x000000076ab00000, 0x0000000782300000, 0x00000007c0000000)
  eden space 292352K, 100% used [0x000000076ab00000,0x000000077c880000,0x000000077c880000)
  from space 31232K, 65% used [0x000000077c880000,0x000000077dc603d0,0x000000077e700000)
  to   space 31744K, 0% used [0x0000000780400000,0x0000000780400000,0x0000000782300000)
 ParOldGen       total 305152K, used 49120K [0x00000006c0000000, 0x00000006d2a00000, 0x000000076ab00000)
  object space 305152K, 16% used [0x00000006c0000000,0x00000006c2ff80c0,0x00000006d2a00000)
 Metaspace       used 86170K, capacity 91644K, committed 91864K, reserved 1130496K
  class space    used 10097K, capacity 11216K, committed 11264K, reserved 1048576K
Event: 34.467 GC heap after
Heap after GC invocations=23 (full 3):
 PSYoungGen      total 350720K, used 25903K [0x000000076ab00000, 0x0000000782b80000, 0x00000007c0000000)
  eden space 318976K, 0% used [0x000000076ab00000,0x000000076ab00000,0x000000077e280000)
  from space 31744K, 81% used [0x0000000780400000,0x0000000781d4bdf0,0x0000000782300000)
  to   space 34304K, 0% used [0x000000077e280000,0x000000077e280000,0x0000000780400000)
 ParOldGen       total 305152K, used 49128K [0x00000006c0000000, 0x00000006d2a00000, 0x000000076ab00000)
  object space 305152K, 16% used [0x00000006c0000000,0x00000006c2ffa0c0,0x00000006d2a00000)
 Metaspace       used 86170K, capacity 91644K, committed 91864K, reserved 1130496K
  class space    used 10097K, capacity 11216K, committed 11264K, reserved 1048576K
}
Event: 48.545 GC heap before
{Heap before GC invocations=24 (full 3):
 PSYoungGen      total 350720K, used 344879K [0x000000076ab00000, 0x0000000782b80000, 0x00000007c0000000)
  eden space 318976K, 100% used [0x000000076ab00000,0x000000077e280000,0x000000077e280000)
  from space 31744K, 81% used [0x0000000780400000,0x0000000781d4bdf0,0x0000000782300000)
  to   space 34304K, 0% used [0x000000077e280000,0x000000077e280000,0x0000000780400000)
 ParOldGen       total 305152K, used 49128K [0x00000006c0000000, 0x00000006d2a00000, 0x000000076ab00000)
  object space 305152K, 16% used [0x00000006c0000000,0x00000006c2ffa0c0,0x00000006d2a00000)
 Metaspace       used 91648K, capacity 97964K, committed 98136K, reserved 1134592K
  class space    used 10794K, capacity 12046K, committed 12160K, reserved 1048576K
Event: 48.567 GC heap after
Heap after GC invocations=24 (full 3):
 PSYoungGen      total 353280K, used 28971K [0x000000076ab00000, 0x0000000784780000, 0x00000007c0000000)
  eden space 318976K, 0% used [0x000000076ab00000,0x000000076ab00000,0x000000077e280000)
  from space 34304K, 84% used [0x000000077e280000,0x000000077fecae40,0x0000000780400000)
  to   space 36864K, 0% used [0x0000000782380000,0x0000000782380000,0x0000000784780000)
 ParOldGen       total 305152K, used 49136K [0x00000006c0000000, 0x00000006d2a00000, 0x000000076ab00000)
  object space 305152K, 16% used [0x00000006c0000000,0x00000006c2ffc0c0,0x00000006d2a00000)
 Metaspace       used 91648K, capacity 97964K, committed 98136K, reserved 1134592K
  class space    used 10794K, capacity 12046K, committed 12160K, reserved 1048576K
}
Event: 89.857 GC heap before
{Heap before GC invocations=25 (full 3):
 PSYoungGen      total 353280K, used 40681K [0x000000076ab00000, 0x0000000784780000, 0x00000007c0000000)
  eden space 318976K, 3% used [0x000000076ab00000,0x000000076b66f928,0x000000077e280000)
  from space 34304K, 84% used [0x000000077e280000,0x000000077fecae40,0x0000000780400000)
  to   space 36864K, 0% used [0x0000000782380000,0x0000000782380000,0x0000000784780000)
 ParOldGen       total 305152K, used 49136K [0x00000006c0000000, 0x00000006d2a00000, 0x000000076ab00000)
  object space 305152K, 16% used [0x00000006c0000000,0x00000006c2ffc0c0,0x00000006d2a00000)
 Metaspace       used 91923K, capacity 98188K, committed 98380K, reserved 1136640K
  class space    used 10817K, capacity 12078K, committed 12160K, reserved 1048576K
Event: 89.877 GC heap after
Heap after GC invocations=25 (full 3):
 PSYoungGen      total 377344K, used 26626K [0x000000076ab00000, 0x0000000784500000, 0x00000007c0000000)
  eden space 343040K, 0% used [0x000000076ab00000,0x000000076ab00000,0x000000077fa00000)
  from space 34304K, 77% used [0x0000000782380000,0x0000000783d809d0,0x0000000784500000)
  to   space 38400K, 0% used [0x000000077fa00000,0x000000077fa00000,0x0000000781f80000)
 ParOldGen       total 305152K, used 49144K [0x00000006c0000000, 0x00000006d2a00000, 0x000000076ab00000)
  object space 305152K, 16% used [0x00000006c0000000,0x00000006c2ffe0c0,0x00000006d2a00000)
 Metaspace       used 91923K, capacity 98188K, committed 98380K, reserved 1136640K
  class space    used 10817K, capacity 12078K, committed 12160K, reserved 1048576K
}
Event: 89.877 GC heap before
{Heap before GC invocations=26 (full 4):
 PSYoungGen      total 377344K, used 26626K [0x000000076ab00000, 0x0000000784500000, 0x00000007c0000000)
  eden space 343040K, 0% used [0x000000076ab00000,0x000000076ab00000,0x000000077fa00000)
  from space 34304K, 77% used [0x0000000782380000,0x0000000783d809d0,0x0000000784500000)
  to   space 38400K, 0% used [0x000000077fa00000,0x000000077fa00000,0x0000000781f80000)
 ParOldGen       total 305152K, used 49144K [0x00000006c0000000, 0x00000006d2a00000, 0x000000076ab00000)
  object space 305152K, 16% used [0x00000006c0000000,0x00000006c2ffe0c0,0x00000006d2a00000)
 Metaspace       used 91923K, capacity 98188K, committed 98380K, reserved 1136640K
  class space    used 10817K, capacity 12078K, committed 12160K, reserved 1048576K
Event: 90.187 GC heap after
Heap after GC invocations=26 (full 4):
 PSYoungGen      total 377344K, used 0K [0x000000076ab00000, 0x0000000784500000, 0x00000007c0000000)
  eden space 343040K, 0% used [0x000000076ab00000,0x000000076ab00000,0x000000077fa00000)
  from space 34304K, 0% used [0x0000000782380000,0x0000000782380000,0x0000000784500000)
  to   space 38400K, 0% used [0x000000077fa00000,0x000000077fa00000,0x0000000781f80000)
 ParOldGen       total 443392K, used 72334K [0x00000006c0000000, 0x00000006db100000, 0x000000076ab00000)
  object space 443392K, 16% used [0x00000006c0000000,0x00000006c46a3a60,0x00000006db100000)
 Metaspace       used 91923K, capacity 98188K, committed 98380K, reserved 1136640K
  class space    used 10817K, capacity 12078K, committed 12160K, reserved 1048576K
}

